d:\учёба\3-й курс\5-ый сем\осисп\osisplab3\staticimport\dllforinject\debug\dllforinject.pch
d:\учёба\3-й курс\5-ый сем\осисп\osisplab3\staticimport\dllforinject\debug\vc142.pdb
d:\учёба\3-й курс\5-ый сем\осисп\osisplab3\staticimport\dllforinject\debug\vc142.idb
d:\учёба\3-й курс\5-ый сем\осисп\osisplab3\staticimport\dllforinject\debug\pch.obj
d:\учёба\3-й курс\5-ый сем\осисп\osisplab3\staticimport\dllforinject\debug\dllmain.obj
d:\учёба\3-й курс\5-ый сем\осисп\osisplab3\staticimport\debug\dllforinject.dll
d:\учёба\3-й курс\5-ый сем\осисп\osisplab3\staticimport\debug\dllforinject.ilk
d:\учёба\3-й курс\5-ый сем\осисп\osisplab3\staticimport\debug\dllforinject.pdb
c:\users\asus\desktop\staticimport\dllforinject\debug\dllmain.obj
c:\users\asus\desktop\staticimport\dllforinject\debug\pch.obj
c:\users\asus\desktop\staticimport\dllforinject\debug\dllforinject.pch
c:\users\asus\desktop\staticimport\dllforinject\debug\vc142.idb
c:\users\asus\desktop\staticimport\dllforinject\debug\vc142.pdb
c:\users\asus\desktop\staticimport\debug\dllforinject.pdb
c:\users\asus\desktop\staticimport\debug\dllforinject.dll
c:\users\asus\desktop\staticimport\debug\dllforinject.ilk
c:\users\asus\desktop\staticimport\dllforinject\debug\dllforinject.tlog\cl.command.1.tlog
c:\users\asus\desktop\staticimport\dllforinject\debug\dllforinject.tlog\cl.read.1.tlog
c:\users\asus\desktop\staticimport\dllforinject\debug\dllforinject.tlog\cl.write.1.tlog
c:\users\asus\desktop\staticimport\dllforinject\debug\dllforinject.tlog\link.command.1.tlog
c:\users\asus\desktop\staticimport\dllforinject\debug\dllforinject.tlog\link.read.1.tlog
c:\users\asus\desktop\staticimport\dllforinject\debug\dllforinject.tlog\link.write.1.tlog
