d:\учёба\3-й курс\5-ый сем\осисп\osisplab3\staticimport\dllwithreplacer\debug\dllwithreplacer.pch
d:\учёба\3-й курс\5-ый сем\осисп\osisplab3\staticimport\dllwithreplacer\debug\vc142.pdb
d:\учёба\3-й курс\5-ый сем\осисп\osisplab3\staticimport\dllwithreplacer\debug\vc142.idb
d:\учёба\3-й курс\5-ый сем\осисп\osisplab3\staticimport\dllwithreplacer\debug\pch.obj
d:\учёба\3-й курс\5-ый сем\осисп\osisplab3\staticimport\dllwithreplacer\debug\dllmain.obj
d:\учёба\3-й курс\5-ый сем\осисп\osisplab3\staticimport\debug\dllwithreplacer.lib
d:\учёба\3-й курс\5-ый сем\осисп\osisplab3\staticimport\debug\dllwithreplacer.exp
d:\учёба\3-й курс\5-ый сем\осисп\osisplab3\staticimport\debug\dllwithreplacer.dll
d:\учёба\3-й курс\5-ый сем\осисп\osisplab3\staticimport\debug\dllwithreplacer.ilk
d:\учёба\3-й курс\5-ый сем\осисп\osisplab3\staticimport\debug\dllwithreplacer.pdb
c:\users\asus\desktop\staticimport\dllwithreplacer\debug\dllmain.obj
c:\users\asus\desktop\staticimport\dllwithreplacer\debug\pch.obj
c:\users\asus\desktop\staticimport\dllwithreplacer\debug\dllwithreplacer.pch
c:\users\asus\desktop\staticimport\dllwithreplacer\debug\vc142.idb
c:\users\asus\desktop\staticimport\dllwithreplacer\debug\vc142.pdb
c:\users\asus\desktop\staticimport\debug\dllwithreplacer.pdb
c:\users\asus\desktop\staticimport\debug\dllwithreplacer.dll
c:\users\asus\desktop\staticimport\debug\dllwithreplacer.ilk
c:\users\asus\desktop\staticimport\dllwithreplacer\debug\dllwithreplacer.tlog\cl.command.1.tlog
c:\users\asus\desktop\staticimport\dllwithreplacer\debug\dllwithreplacer.tlog\cl.read.1.tlog
c:\users\asus\desktop\staticimport\dllwithreplacer\debug\dllwithreplacer.tlog\cl.write.1.tlog
c:\users\asus\desktop\staticimport\dllwithreplacer\debug\dllwithreplacer.tlog\dllwithreplacer.write.1u.tlog
c:\users\asus\desktop\staticimport\dllwithreplacer\debug\dllwithreplacer.tlog\link.command.1.tlog
c:\users\asus\desktop\staticimport\dllwithreplacer\debug\dllwithreplacer.tlog\link.read.1.tlog
c:\users\asus\desktop\staticimport\dllwithreplacer\debug\dllwithreplacer.tlog\link.write.1.tlog
